<?xml version="1.0" encoding="UTF-8"?>
<testng-results ignored="0" total="1" passed="1" failed="0" skipped="0">
  <reporter-output>
  </reporter-output>
  <suite started-at="2026-04-21T11:07:19 IST" name="Surefire suite" finished-at="2026-04-21T11:07:20 IST" duration-ms="27">
    <groups>
    </groups>
    <test started-at="2026-04-21T11:07:19 IST" name="Surefire test" finished-at="2026-04-21T11:07:20 IST" duration-ms="27">
      <class name="com.axisrooms.AxisRoomsAutomation.AppTest">
        <test-method signature="testApp()" started-at="2026-04-21T11:07:19 IST" name="testApp" finished-at="2026-04-21T11:07:20 IST" duration-ms="7" status="PASS">
          <reporter-output>
          </reporter-output>
        </test-method> <!-- testApp -->
      </class> <!-- com.axisrooms.AxisRoomsAutomation.AppTest -->
    </test> <!-- Surefire test -->
  </suite> <!-- Surefire suite -->
</testng-results>
