<?xml version="1.0" encoding="UTF-8"?>
<!-- Generated by org.testng.reporters.JUnitXMLReporter -->
<testsuite ignored="4" hostname="axisrooms-ThinkPad-E14-Gen-2" failures="0" tests="1" name="Command line test" time="37.079" errors="0" timestamp="2026-04-20T10:22:41 IST">
  <testcase classname="testcases.LoginTest" name="inventoryAndPricingSyncTest" time="34.218"/>
  <testcase classname="testcases.LoginTest" name="loginWithWrongPassword" time="0.0">
    <ignored/>
  </testcase> <!-- loginWithWrongPassword -->
  <testcase classname="testcases.LoginTest" name="validLoginTest" time="0.0">
    <ignored/>
  </testcase> <!-- validLoginTest -->
  <testcase classname="testcases.LoginTest" name="validLoginwithOTPLogin" time="0.0">
    <ignored/>
  </testcase> <!-- validLoginwithOTPLogin -->
  <testcase classname="testcases.LoginTest" name="loginWithUnregisteredEmail" time="0.0">
    <ignored/>
  </testcase> <!-- loginWithUnregisteredEmail -->
</testsuite> <!-- Command line test -->
