<?xml version="1.0" encoding="UTF-8"?>
<!-- Generated by org.testng.reporters.JUnitReportReporter -->
<testsuite hostname="axisrooms-ThinkPad-E14-Gen-2" failures="0" tests="5" name="testcases.LoginTest" time="95.009" errors="0" timestamp="2026-04-21T11:07:19 IST" skipped="0">
  <testcase classname="testcases.LoginTest" name="validLoginTest" time="10.643"/>
  <testcase classname="testcases.LoginTest" name="loginWithUnregisteredEmail" time="8.432"/>
  <testcase classname="testcases.LoginTest" name="loginWithWrongPassword" time="10.271"/>
  <testcase classname="testcases.LoginTest" name="validLoginwithOTPLogin" time="11.724"/>
  <testcase classname="testcases.LoginTest" name="inventoryAndPricingSyncTest" time="53.939"/>
</testsuite> <!-- testcases.LoginTest -->
