<?xml version="1.0" encoding="UTF-8"?>
<!-- Generated by org.testng.reporters.JUnitReportReporter -->
<testsuite hostname="axisrooms-ThinkPad-E14-Gen-2" failures="0" tests="4" name="testcases.LoginTest" time="41.976" errors="0" timestamp="2026-04-09T22:16:16 IST" skipped="0">
  <testcase classname="testcases.LoginTest" name="validLoginTest" time="10.906"/>
  <testcase classname="testcases.LoginTest" name="loginWithUnregisteredEmail" time="8.668"/>
  <testcase classname="testcases.LoginTest" name="loginWithWrongPassword" time="9.230"/>
  <testcase classname="testcases.LoginTest" name="validLoginwithOTPLogin" time="13.172"/>
</testsuite> <!-- testcases.LoginTest -->
