<?xml version="1.0" encoding="UTF-8"?>
<!-- Generated by org.testng.reporters.JUnitXMLReporter -->
<testsuite ignored="0" hostname="axisrooms-ThinkPad-E14-Gen-2" failures="0" tests="6" name="Surefire test" time="108.6" errors="0" timestamp="2026-04-21T11:07:19 IST">
  <testcase classname="testcases.EndToEndSyncTest" name="e2eInventorySyncTest" time="10.555"/>
  <testcase classname="testcases.LoginTest" name="validLoginTest" time="8.466"/>
  <testcase classname="testcases.LoginTest" name="loginWithUnregisteredEmail" time="6.309"/>
  <testcase classname="testcases.LoginTest" name="loginWithWrongPassword" time="6.308"/>
  <testcase classname="testcases.LoginTest" name="validLoginwithOTPLogin" time="9.437"/>
  <testcase classname="testcases.LoginTest" name="inventoryAndPricingSyncTest" time="51.715"/>
</testsuite> <!-- Surefire test -->
