<?xml version="1.0" encoding="UTF-8"?>
<!-- Generated by org.testng.reporters.JUnitXMLReporter -->
<testsuite ignored="0" hostname="axisrooms-ThinkPad-E14-Gen-2" failures="0" tests="4" name="Surefire test" time="42.001" errors="0" timestamp="2026-04-09T22:16:16 IST">
  <testcase classname="testcases.LoginTest" name="validLoginTest" time="8.512"/>
  <testcase classname="testcases.LoginTest" name="loginWithUnregisteredEmail" time="6.351"/>
  <testcase classname="testcases.LoginTest" name="loginWithWrongPassword" time="6.338"/>
  <testcase classname="testcases.LoginTest" name="validLoginwithOTPLogin" time="9.466"/>
</testsuite> <!-- Surefire test -->
