<?xml version="1.0" encoding="UTF-8"?>
<testng-results ignored="0" total="4" passed="4" failed="0" skipped="0">
  <reporter-output>
  </reporter-output>
  <suite started-at="2026-04-09T22:15:34 IST" name="Surefire suite" finished-at="2026-04-09T22:16:16 IST" duration-ms="42001">
    <groups>
    </groups>
    <test started-at="2026-04-09T22:15:34 IST" name="Surefire test" finished-at="2026-04-09T22:16:16 IST" duration-ms="42001">
      <class name="testcases.LoginTest">
        <test-method is-config="true" signature="setup()[pri:0, instance:testcases.LoginTest@78047b92]" started-at="2026-04-09T22:15:34 IST" name="setup" finished-at="2026-04-09T22:15:38 IST" duration-ms="3637" status="PASS">
          <reporter-output>
          </reporter-output>
        </test-method> <!-- setup -->
        <test-method signature="validLoginTest()[pri:1, instance:testcases.LoginTest@78047b92]" started-at="2026-04-09T22:15:38 IST" name="validLoginTest" finished-at="2026-04-09T22:15:46 IST" duration-ms="8512" status="PASS">
          <reporter-output>
          </reporter-output>
        </test-method> <!-- validLoginTest -->
        <test-method is-config="true" signature="tearDown()[pri:0, instance:testcases.LoginTest@78047b92]" started-at="2026-04-09T22:15:46 IST" name="tearDown" finished-at="2026-04-09T22:15:46 IST" duration-ms="78" status="PASS">
          <reporter-output>
          </reporter-output>
        </test-method> <!-- tearDown -->
        <test-method is-config="true" signature="setup()[pri:0, instance:testcases.LoginTest@78047b92]" started-at="2026-04-09T22:15:46 IST" name="setup" finished-at="2026-04-09T22:15:48 IST" duration-ms="2322" status="PASS">
          <reporter-output>
          </reporter-output>
        </test-method> <!-- setup -->
        <test-method signature="loginWithUnregisteredEmail()[pri:2, instance:testcases.LoginTest@78047b92]" started-at="2026-04-09T22:15:48 IST" name="loginWithUnregisteredEmail" finished-at="2026-04-09T22:15:55 IST" duration-ms="6351" status="PASS">
          <reporter-output>
          </reporter-output>
        </test-method> <!-- loginWithUnregisteredEmail -->
        <test-method is-config="true" signature="tearDown()[pri:0, instance:testcases.LoginTest@78047b92]" started-at="2026-04-09T22:15:55 IST" name="tearDown" finished-at="2026-04-09T22:15:55 IST" duration-ms="69" status="PASS">
          <reporter-output>
          </reporter-output>
        </test-method> <!-- tearDown -->
        <test-method is-config="true" signature="setup()[pri:0, instance:testcases.LoginTest@78047b92]" started-at="2026-04-09T22:15:55 IST" name="setup" finished-at="2026-04-09T22:15:57 IST" duration-ms="2251" status="PASS">
          <reporter-output>
          </reporter-output>
        </test-method> <!-- setup -->
        <test-method signature="loginWithWrongPassword()[pri:3, instance:testcases.LoginTest@78047b92]" started-at="2026-04-09T22:15:57 IST" name="loginWithWrongPassword" finished-at="2026-04-09T22:16:03 IST" duration-ms="6338" status="PASS">
          <reporter-output>
          </reporter-output>
        </test-method> <!-- loginWithWrongPassword -->
        <test-method is-config="true" signature="tearDown()[pri:0, instance:testcases.LoginTest@78047b92]" started-at="2026-04-09T22:16:03 IST" name="tearDown" finished-at="2026-04-09T22:16:04 IST" duration-ms="66" status="PASS">
          <reporter-output>
          </reporter-output>
        </test-method> <!-- tearDown -->
        <test-method is-config="true" signature="setup()[pri:0, instance:testcases.LoginTest@78047b92]" started-at="2026-04-09T22:16:04 IST" name="setup" finished-at="2026-04-09T22:16:06 IST" duration-ms="2814" status="PASS">
          <reporter-output>
          </reporter-output>
        </test-method> <!-- setup -->
        <test-method signature="validLoginwithOTPLogin()[pri:4, instance:testcases.LoginTest@78047b92]" started-at="2026-04-09T22:16:06 IST" name="validLoginwithOTPLogin" finished-at="2026-04-09T22:16:16 IST" duration-ms="9466" status="PASS">
          <reporter-output>
          </reporter-output>
        </test-method> <!-- validLoginwithOTPLogin -->
        <test-method is-config="true" signature="tearDown()[pri:0, instance:testcases.LoginTest@78047b92]" started-at="2026-04-09T22:16:16 IST" name="tearDown" finished-at="2026-04-09T22:16:16 IST" duration-ms="72" status="PASS">
          <reporter-output>
          </reporter-output>
        </test-method> <!-- tearDown -->
      </class> <!-- testcases.LoginTest -->
    </test> <!-- Surefire test -->
  </suite> <!-- Surefire suite -->
</testng-results>
