<?xml version="1.0" encoding="UTF-8"?>
<testsuite xmlns:xsi="http://www.w3.org/2001/XMLSchema-instance" xsi:noNamespaceSchemaLocation="https://maven.apache.org/surefire/maven-surefire-plugin/xsd/surefire-test-report-3.0.xsd" version="3.0" name="TestSuite" time="108.94" tests="7" errors="0" skipped="0" failures="0">
  <properties>
[...]
</properties>
  <testcase name="e2eInventorySyncTest" classname="testcases.EndToEndSyncTest" time="10.555">
    <system-out><![CDATA[Step 1: Pushing Inventory update via API...
API Update completed. Verifying internals...
Step 2: Starting UI verification for sync logs...
Email value = nagasai@axisrooms.com
Password value = Sai@2965
Navigating to Logs/History...
Step 3: Verifying data landed at the OTA via their API...
End-to-End Sync Automation Test Completed Successfully.
]]></system-out>
    <system-err><![CDATA[SLF4J: Failed to load class "org.slf4j.impl.StaticLoggerBinder".
SLF4J: Defaulting to no-operation (NOP) logger implementation
SLF4J: See http://www.slf4j.org/codes.html#StaticLoggerBinder for further details.
Apr 21, 2026 11:05:32 AM org.openqa.selenium.devtools.CdpVersionFinder findNearestMatch
WARNING: Unable to find CDP implementation matching 145
Apr 21, 2026 11:05:32 AM org.openqa.selenium.chromium.ChromiumDriver lambda$new$5
WARNING: Unable to find version of CDP to use for 145.0.7632.159. You may need to include a dependency on a specific version of the CDP using something similar to `org.seleniumhq.selenium:selenium-devtools-v86:4.18.1` where the version ("v86") matches the version of the chromium-based browser you're using and the version number of the artifact is the same as Selenium's.
]]></system-err>
  </testcase>
  <testcase name="validLoginTest" classname="testcases.LoginTest" time="8.466">
    <system-out><![CDATA[Email value = nagasai@axisrooms.com
Password value = Sai@2965
Valid Login Test Executed
]]></system-out>
    <system-err><![CDATA[Apr 21, 2026 11:05:45 AM org.openqa.selenium.devtools.CdpVersionFinder findNearestMatch
WARNING: Unable to find CDP implementation matching 145
Apr 21, 2026 11:05:45 AM org.openqa.selenium.chromium.ChromiumDriver lambda$new$5
WARNING: Unable to find version of CDP to use for 145.0.7632.159. You may need to include a dependency on a specific version of the CDP using something similar to `org.seleniumhq.selenium:selenium-devtools-v86:4.18.1` where the version ("v86") matches the version of the chromium-based browser you're using and the version number of the artifact is the same as Selenium's.
]]></system-err>
  </testcase>
  <testcase name="loginWithUnregisteredEmail" classname="testcases.LoginTest" time="6.308">
    <system-out><![CDATA[Email value = unknownuser@test.com
Password value = Password123
Error Message: Incorrect UserType or Email Address.
]]></system-out>
    <system-err><![CDATA[Apr 21, 2026 11:05:55 AM org.openqa.selenium.devtools.CdpVersionFinder findNearestMatch
WARNING: Unable to find CDP implementation matching 145
Apr 21, 2026 11:05:55 AM org.openqa.selenium.chromium.ChromiumDriver lambda$new$5
WARNING: Unable to find version of CDP to use for 145.0.7632.159. You may need to include a dependency on a specific version of the CDP using something similar to `org.seleniumhq.selenium:selenium-devtools-v86:4.18.1` where the version ("v86") matches the version of the chromium-based browser you're using and the version number of the artifact is the same as Selenium's.
]]></system-err>
  </testcase>
  <testcase name="loginWithWrongPassword" classname="testcases.LoginTest" time="6.309">
    <system-out><![CDATA[Email value = nagasai@axisrooms.com
Password value = WrongPassword
Error Message: Incorrect Password.
]]></system-out>
    <system-err><![CDATA[Apr 21, 2026 11:06:04 AM org.openqa.selenium.devtools.CdpVersionFinder findNearestMatch
WARNING: Unable to find CDP implementation matching 145
Apr 21, 2026 11:06:04 AM org.openqa.selenium.chromium.ChromiumDriver lambda$new$5
WARNING: Unable to find version of CDP to use for 145.0.7632.159. You may need to include a dependency on a specific version of the CDP using something similar to `org.seleniumhq.selenium:selenium-devtools-v86:4.18.1` where the version ("v86") matches the version of the chromium-based browser you're using and the version number of the artifact is the same as Selenium's.
]]></system-err>
  </testcase>
  <testcase name="validLoginwithOTPLogin" classname="testcases.LoginTest" time="9.437">
    <system-out><![CDATA[Email value = nagasai@axisrooms.com
Valid Login Test Executed
]]></system-out>
    <system-err><![CDATA[Apr 21, 2026 11:06:13 AM org.openqa.selenium.devtools.CdpVersionFinder findNearestMatch
WARNING: Unable to find CDP implementation matching 145
Apr 21, 2026 11:06:13 AM org.openqa.selenium.chromium.ChromiumDriver lambda$new$5
WARNING: Unable to find version of CDP to use for 145.0.7632.159. You may need to include a dependency on a specific version of the CDP using something similar to `org.seleniumhq.selenium:selenium-devtools-v86:4.18.1` where the version ("v86") matches the version of the chromium-based browser you're using and the version number of the artifact is the same as Selenium's.
]]></system-err>
  </testcase>
  <testcase name="inventoryAndPricingSyncTest" classname="testcases.LoginTest" time="51.716">
    <system-out><![CDATA[Email value = nagasai@axisrooms.com
Password value = Sai@2965
Navigating to Dashboard and Channel Manager...
Entering Hotel ID 1388 into search box...
Clicking Search Hotel Button...
Clicking on the searched Hotel Link...
Hovering over Manage Dropdown...
Clicking Inventory and Prices Option...
Updating Availability Count for 21 Apr...
Updating Availability Count for 24 Apr...
Updating Availability Count for 27 Apr...
Clicking Save Button...
Closing the Modal...
Clicking Toggle Rateplans...
Updating Price for 21 Apr...
Updating Price for 24 Apr...
Updating Price for 27 Apr...
Save Button is not displayed
Clicking Sync Inv Rates Button...
Inventory and Pricing Sync Test Executed
]]></system-out>
    <system-err><![CDATA[Apr 21, 2026 11:06:24 AM org.openqa.selenium.devtools.CdpVersionFinder findNearestMatch
WARNING: Unable to find CDP implementation matching 145
Apr 21, 2026 11:06:24 AM org.openqa.selenium.chromium.ChromiumDriver lambda$new$5
WARNING: Unable to find version of CDP to use for 145.0.7632.159. You may need to include a dependency on a specific version of the CDP using something similar to `org.seleniumhq.selenium:selenium-devtools-v86:4.18.1` where the version ("v86") matches the version of the chromium-based browser you're using and the version number of the artifact is the same as Selenium's.
]]></system-err>
  </testcase>
  <testcase name="testApp on testApp(com.axisrooms.AxisRoomsAutomation.AppTest)" classname="com.axisrooms.AxisRoomsAutomation.AppTest" time="0.001"/>
</testsuite>