<?xml version="1.0" encoding="UTF-8"?>
<!-- Generated by org.testng.reporters.JUnitReportReporter -->
<testsuite hostname="axisrooms-ThinkPad-E14-Gen-2" failures="0" tests="4" name="testcases.LoginTest" time="41.537" errors="0" timestamp="2026-04-09T23:18:18 IST" skipped="0">
  <testcase classname="testcases.LoginTest" name="validLoginTest" time="11.068"/>
  <testcase classname="testcases.LoginTest" name="loginWithUnregisteredEmail" time="8.901"/>
  <testcase classname="testcases.LoginTest" name="loginWithWrongPassword" time="9.687"/>
  <testcase classname="testcases.LoginTest" name="validLoginwithOTPLogin" time="11.881"/>
</testsuite> <!-- testcases.LoginTest -->
