<?xml version="1.0" encoding="UTF-8"?>
<!-- Generated by org.testng.reporters.JUnitReportReporter -->
<testsuite hostname="axisrooms-ThinkPad-E14-Gen-2" failures="0" tests="5" name="testcases.LoginTest" time="82.081" errors="0" timestamp="2026-04-13T15:14:38 IST" skipped="0">
  <testcase classname="testcases.LoginTest" name="validLoginTest" time="14.885"/>
  <testcase classname="testcases.LoginTest" name="loginWithUnregisteredEmail" time="13.405"/>
  <testcase classname="testcases.LoginTest" name="loginWithWrongPassword" time="11.157"/>
  <testcase classname="testcases.LoginTest" name="validLoginwithOTPLogin" time="15.634"/>
  <testcase classname="testcases.LoginTest" name="inventoryAndPricingSyncTest" time="27.000"/>
</testsuite> <!-- testcases.LoginTest -->
